0 info it worked if it ends with ok
1 verbose cli [ 'C:\\node\\\\node.exe',
1 verbose cli   'C:\\node\\node_modules\\npm\\bin\\npm-cli.js',
1 verbose cli   'publish' ]
2 info using npm@1.4.3
3 info using node@v0.10.26
4 verbose node symlink C:\node\\node.exe
5 verbose publish [ '.' ]
6 verbose cache add [ '.', null ]
7 verbose cache add name=undefined spec="." args=[".",null]
8 verbose parsed url { protocol: null,
8 verbose parsed url   slashes: null,
8 verbose parsed url   auth: null,
8 verbose parsed url   host: null,
8 verbose parsed url   port: null,
8 verbose parsed url   hostname: null,
8 verbose parsed url   hash: null,
8 verbose parsed url   search: null,
8 verbose parsed url   query: null,
8 verbose parsed url   pathname: '.',
8 verbose parsed url   path: '.',
8 verbose parsed url   href: '.' }
9 silly lockFile 3a52ce78- .
10 verbose lock . C:\Documents and Settings\Administrator\Application Data\npm-cache\3a52ce78-.lock
11 verbose tar pack [ 'C:\\DOCUME~1\\ADMINI~1\\LOCALS~1\\Temp\\npm-3440-t-IhjLnq\\1404134290219-0.1904519204981625\\tmp.tgz',
11 verbose tar pack   '.' ]
12 verbose tarball C:\DOCUME~1\ADMINI~1\LOCALS~1\Temp\npm-3440-t-IhjLnq\1404134290219-0.1904519204981625\tmp.tgz
13 verbose folder .
14 info prepublish Nodetop@0.0.0
15 silly lockFile 1f1177db-tar tar://.
16 verbose lock tar://. C:\Documents and Settings\Administrator\Application Data\npm-cache\1f1177db-tar.lock
17 silly lockFile 8c6a085c-90219-0-1904519204981625-tmp-tgz tar://C:\DOCUME~1\ADMINI~1\LOCALS~1\Temp\npm-3440-t-IhjLnq\1404134290219-0.1904519204981625\tmp.tgz
18 verbose lock tar://C:\DOCUME~1\ADMINI~1\LOCALS~1\Temp\npm-3440-t-IhjLnq\1404134290219-0.1904519204981625\tmp.tgz C:\Documents and Settings\Administrator\Application Data\npm-cache\8c6a085c-90219-0-1904519204981625-tmp-tgz.lock
19 silly lockFile 1f1177db-tar tar://.
20 silly lockFile 1f1177db-tar tar://.
21 silly lockFile 8c6a085c-90219-0-1904519204981625-tmp-tgz tar://C:\DOCUME~1\ADMINI~1\LOCALS~1\Temp\npm-3440-t-IhjLnq\1404134290219-0.1904519204981625\tmp.tgz
22 silly lockFile 8c6a085c-90219-0-1904519204981625-tmp-tgz tar://C:\DOCUME~1\ADMINI~1\LOCALS~1\Temp\npm-3440-t-IhjLnq\1404134290219-0.1904519204981625\tmp.tgz
23 verbose tar unpack C:\DOCUME~1\ADMINI~1\LOCALS~1\Temp\npm-3440-t-IhjLnq\1404134290219-0.1904519204981625\tmp.tgz
24 silly lockFile 05370d4a-90219-0-1904519204981625-package tar://C:\DOCUME~1\ADMINI~1\LOCALS~1\Temp\npm-3440-t-IhjLnq\1404134290219-0.1904519204981625\package
25 verbose lock tar://C:\DOCUME~1\ADMINI~1\LOCALS~1\Temp\npm-3440-t-IhjLnq\1404134290219-0.1904519204981625\package C:\Documents and Settings\Administrator\Application Data\npm-cache\05370d4a-90219-0-1904519204981625-package.lock
26 silly lockFile 8c6a085c-90219-0-1904519204981625-tmp-tgz tar://C:\DOCUME~1\ADMINI~1\LOCALS~1\Temp\npm-3440-t-IhjLnq\1404134290219-0.1904519204981625\tmp.tgz
27 verbose lock tar://C:\DOCUME~1\ADMINI~1\LOCALS~1\Temp\npm-3440-t-IhjLnq\1404134290219-0.1904519204981625\tmp.tgz C:\Documents and Settings\Administrator\Application Data\npm-cache\8c6a085c-90219-0-1904519204981625-tmp-tgz.lock
28 silly gunzTarPerm modes [ '755', '644' ]
29 silly gunzTarPerm extractEntry package.json
30 silly gunzTarPerm modified mode [ 'package.json', 438, 420 ]
31 silly gunzTarPerm extractEntry README.md
32 silly gunzTarPerm modified mode [ 'README.md', 438, 420 ]
33 silly gunzTarPerm extractEntry index.js
34 silly gunzTarPerm modified mode [ 'index.js', 438, 420 ]
35 silly gunzTarPerm extractEntry example/day01/httpServer.js
36 silly gunzTarPerm modified mode [ 'example/day01/httpServer.js', 438, 420 ]
37 silly gunzTarPerm extractEntry example/day01/httpServer2.js
38 silly gunzTarPerm modified mode [ 'example/day01/httpServer2.js', 438, 420 ]
39 silly gunzTarPerm extractEntry example/day01/public/a.txt
40 silly gunzTarPerm modified mode [ 'example/day01/public/a.txt', 438, 420 ]
41 silly gunzTarPerm extractEntry example/day01/public/b.html
42 silly gunzTarPerm modified mode [ 'example/day01/public/b.html', 438, 420 ]
43 silly gunzTarPerm extractEntry example/day01/public/index.html
44 silly gunzTarPerm modified mode [ 'example/day01/public/index.html', 438, 420 ]
45 silly gunzTarPerm extractEntry example/show_middle/middle01.js
46 silly gunzTarPerm modified mode [ 'example/show_middle/middle01.js', 438, 420 ]
47 silly gunzTarPerm extractEntry example/show_middle/middle02.js
48 silly gunzTarPerm modified mode [ 'example/show_middle/middle02.js', 438, 420 ]
49 silly gunzTarPerm extractEntry example/show_middle/run.js
50 silly gunzTarPerm modified mode [ 'example/show_middle/run.js', 438, 420 ]
51 silly gunzTarPerm extractEntry lib/app.js
52 silly gunzTarPerm modified mode [ 'lib/app.js', 438, 420 ]
53 silly gunzTarPerm extractEntry lib/static.js
54 silly gunzTarPerm modified mode [ 'lib/static.js', 438, 420 ]
55 silly lockFile 05370d4a-90219-0-1904519204981625-package tar://C:\DOCUME~1\ADMINI~1\LOCALS~1\Temp\npm-3440-t-IhjLnq\1404134290219-0.1904519204981625\package
56 silly lockFile 05370d4a-90219-0-1904519204981625-package tar://C:\DOCUME~1\ADMINI~1\LOCALS~1\Temp\npm-3440-t-IhjLnq\1404134290219-0.1904519204981625\package
57 silly lockFile 8c6a085c-90219-0-1904519204981625-tmp-tgz tar://C:\DOCUME~1\ADMINI~1\LOCALS~1\Temp\npm-3440-t-IhjLnq\1404134290219-0.1904519204981625\tmp.tgz
58 silly lockFile 8c6a085c-90219-0-1904519204981625-tmp-tgz tar://C:\DOCUME~1\ADMINI~1\LOCALS~1\Temp\npm-3440-t-IhjLnq\1404134290219-0.1904519204981625\tmp.tgz
59 verbose tar pack [ 'C:\\Documents and Settings\\Administrator\\Application Data\\npm-cache\\Nodetop\\0.0.0\\package.tgz',
59 verbose tar pack   'C:\\DOCUME~1\\ADMINI~1\\LOCALS~1\\Temp\\npm-3440-t-IhjLnq\\1404134290219-0.1904519204981625\\package' ]
60 verbose tarball C:\Documents and Settings\Administrator\Application Data\npm-cache\Nodetop\0.0.0\package.tgz
61 verbose folder C:\DOCUME~1\ADMINI~1\LOCALS~1\Temp\npm-3440-t-IhjLnq\1404134290219-0.1904519204981625\package
62 silly lockFile 05370d4a-90219-0-1904519204981625-package tar://C:\DOCUME~1\ADMINI~1\LOCALS~1\Temp\npm-3440-t-IhjLnq\1404134290219-0.1904519204981625\package
63 verbose lock tar://C:\DOCUME~1\ADMINI~1\LOCALS~1\Temp\npm-3440-t-IhjLnq\1404134290219-0.1904519204981625\package C:\Documents and Settings\Administrator\Application Data\npm-cache\05370d4a-90219-0-1904519204981625-package.lock
64 silly lockFile 00fd95b6--cache-Nodetop-0-0-0-package-tgz tar://C:\Documents and Settings\Administrator\Application Data\npm-cache\Nodetop\0.0.0\package.tgz
65 verbose lock tar://C:\Documents and Settings\Administrator\Application Data\npm-cache\Nodetop\0.0.0\package.tgz C:\Documents and Settings\Administrator\Application Data\npm-cache\00fd95b6--cache-Nodetop-0-0-0-package-tgz.lock
66 silly lockFile 05370d4a-90219-0-1904519204981625-package tar://C:\DOCUME~1\ADMINI~1\LOCALS~1\Temp\npm-3440-t-IhjLnq\1404134290219-0.1904519204981625\package
67 silly lockFile 05370d4a-90219-0-1904519204981625-package tar://C:\DOCUME~1\ADMINI~1\LOCALS~1\Temp\npm-3440-t-IhjLnq\1404134290219-0.1904519204981625\package
68 silly lockFile 00fd95b6--cache-Nodetop-0-0-0-package-tgz tar://C:\Documents and Settings\Administrator\Application Data\npm-cache\Nodetop\0.0.0\package.tgz
69 silly lockFile 00fd95b6--cache-Nodetop-0-0-0-package-tgz tar://C:\Documents and Settings\Administrator\Application Data\npm-cache\Nodetop\0.0.0\package.tgz
70 silly lockFile 62eaacb8--npm-cache-Nodetop-0-0-0-package C:\Documents and Settings\Administrator\Application Data\npm-cache\Nodetop\0.0.0\package
71 verbose lock C:\Documents and Settings\Administrator\Application Data\npm-cache\Nodetop\0.0.0\package C:\Documents and Settings\Administrator\Application Data\npm-cache\62eaacb8--npm-cache-Nodetop-0-0-0-package.lock
72 silly lockFile 62eaacb8--npm-cache-Nodetop-0-0-0-package C:\Documents and Settings\Administrator\Application Data\npm-cache\Nodetop\0.0.0\package
73 silly lockFile 62eaacb8--npm-cache-Nodetop-0-0-0-package C:\Documents and Settings\Administrator\Application Data\npm-cache\Nodetop\0.0.0\package
74 verbose tar unpack C:\Documents and Settings\Administrator\Application Data\npm-cache\Nodetop\0.0.0\package.tgz
75 silly lockFile 9420e562--npm-cache-Nodetop-0-0-0-package tar://C:\Documents and Settings\Administrator\Application Data\npm-cache\Nodetop\0.0.0\package
76 verbose lock tar://C:\Documents and Settings\Administrator\Application Data\npm-cache\Nodetop\0.0.0\package C:\Documents and Settings\Administrator\Application Data\npm-cache\9420e562--npm-cache-Nodetop-0-0-0-package.lock
77 silly lockFile 00fd95b6--cache-Nodetop-0-0-0-package-tgz tar://C:\Documents and Settings\Administrator\Application Data\npm-cache\Nodetop\0.0.0\package.tgz
78 verbose lock tar://C:\Documents and Settings\Administrator\Application Data\npm-cache\Nodetop\0.0.0\package.tgz C:\Documents and Settings\Administrator\Application Data\npm-cache\00fd95b6--cache-Nodetop-0-0-0-package-tgz.lock
79 silly gunzTarPerm modes [ '755', '644' ]
80 silly gunzTarPerm extractEntry package.json
81 silly gunzTarPerm modified mode [ 'package.json', 438, 420 ]
82 silly gunzTarPerm extractEntry README.md
83 silly gunzTarPerm modified mode [ 'README.md', 438, 420 ]
84 silly gunzTarPerm extractEntry index.js
85 silly gunzTarPerm modified mode [ 'index.js', 438, 420 ]
86 silly gunzTarPerm extractEntry example/day01/httpServer.js
87 silly gunzTarPerm modified mode [ 'example/day01/httpServer.js', 438, 420 ]
88 silly gunzTarPerm extractEntry example/day01/httpServer2.js
89 silly gunzTarPerm modified mode [ 'example/day01/httpServer2.js', 438, 420 ]
90 silly gunzTarPerm extractEntry example/day01/public/a.txt
91 silly gunzTarPerm modified mode [ 'example/day01/public/a.txt', 438, 420 ]
92 silly gunzTarPerm extractEntry example/day01/public/b.html
93 silly gunzTarPerm modified mode [ 'example/day01/public/b.html', 438, 420 ]
94 silly gunzTarPerm extractEntry example/day01/public/index.html
95 silly gunzTarPerm modified mode [ 'example/day01/public/index.html', 438, 420 ]
96 silly gunzTarPerm extractEntry example/show_middle/middle01.js
97 silly gunzTarPerm modified mode [ 'example/show_middle/middle01.js', 438, 420 ]
98 silly gunzTarPerm extractEntry example/show_middle/middle02.js
99 silly gunzTarPerm modified mode [ 'example/show_middle/middle02.js', 438, 420 ]
100 silly gunzTarPerm extractEntry example/show_middle/run.js
101 silly gunzTarPerm modified mode [ 'example/show_middle/run.js', 438, 420 ]
102 silly gunzTarPerm extractEntry lib/app.js
103 silly gunzTarPerm modified mode [ 'lib/app.js', 438, 420 ]
104 silly gunzTarPerm extractEntry lib/static.js
105 silly gunzTarPerm modified mode [ 'lib/static.js', 438, 420 ]
106 silly lockFile 9420e562--npm-cache-Nodetop-0-0-0-package tar://C:\Documents and Settings\Administrator\Application Data\npm-cache\Nodetop\0.0.0\package
107 silly lockFile 9420e562--npm-cache-Nodetop-0-0-0-package tar://C:\Documents and Settings\Administrator\Application Data\npm-cache\Nodetop\0.0.0\package
108 silly lockFile 00fd95b6--cache-Nodetop-0-0-0-package-tgz tar://C:\Documents and Settings\Administrator\Application Data\npm-cache\Nodetop\0.0.0\package.tgz
109 silly lockFile 00fd95b6--cache-Nodetop-0-0-0-package-tgz tar://C:\Documents and Settings\Administrator\Application Data\npm-cache\Nodetop\0.0.0\package.tgz
110 verbose chmod C:\Documents and Settings\Administrator\Application Data\npm-cache\Nodetop\0.0.0\package.tgz 644
111 silly chown skipping for windows C:\Documents and Settings\Administrator\Application Data\npm-cache\Nodetop\0.0.0\package.tgz
112 silly lockFile 3a52ce78- .
113 silly lockFile 3a52ce78- .
114 silly publish { name: 'Nodetop',
114 silly publish   version: '0.0.0',
114 silly publish   description: 'Nodetop\r =======',
114 silly publish   main: 'index.js',
114 silly publish   directories: { example: 'example' },
114 silly publish   scripts: { test: 'echo "Error: no test specified" && exit 1' },
114 silly publish   repository: { type: 'git', url: 'https://github.com/crackkay/Nodetop' },
114 silly publish   author: '',
114 silly publish   license: 'ISC',
114 silly publish   bugs: { url: 'https://github.com/crackkay/Nodetop/issues' },
114 silly publish   homepage: 'https://github.com/crackkay/Nodetop',
114 silly publish   readme: 'Nodetop\r\n=======\r\n',
114 silly publish   readmeFilename: 'README.md',
114 silly publish   _id: 'Nodetop@0.0.0',
114 silly publish   dist: { shasum: '57ccd4fb8afe4d0b045b7cbf434a868172bceee3' },
114 silly publish   _from: '.' }
115 verbose url raw Nodetop
116 verbose url resolving [ 'https://registry.npmjs.org/', './Nodetop' ]
117 verbose url resolved https://registry.npmjs.org/Nodetop
118 info trying registry request attempt 1 at 21:18:10
119 http PUT https://registry.npmjs.org/Nodetop
120 http 403 https://registry.npmjs.org/Nodetop
121 error publish Failed PUT 403
122 error Error: forbidden New packages must have all-lowercase names: Nodetop
122 error     at RegClient.<anonymous> (C:\node\node_modules\npm\node_modules\npm-registry-client\lib\request.js:237:14)
122 error     at Request.self.callback (C:\node\node_modules\npm\node_modules\request\request.js:123:22)
122 error     at Request.EventEmitter.emit (events.js:98:17)
122 error     at Request.<anonymous> (C:\node\node_modules\npm\node_modules\request\request.js:893:14)
122 error     at Request.EventEmitter.emit (events.js:117:20)
122 error     at IncomingMessage.<anonymous> (C:\node\node_modules\npm\node_modules\request\request.js:844:12)
122 error     at IncomingMessage.EventEmitter.emit (events.js:117:20)
122 error     at _stream_readable.js:920:16
122 error     at process._tickCallback (node.js:415:13)
123 error If you need help, you may report this *entire* log,
123 error including the npm and node versions, at:
123 error     <http://github.com/npm/npm/issues>
124 error System Windows_NT 5.2.3790
125 error command "C:\\node\\\\node.exe" "C:\\node\\node_modules\\npm\\bin\\npm-cli.js" "publish"
126 error cwd C:\Documents and Settings\Administrator\Nodetop
127 error node -v v0.10.26
128 error npm -v 1.4.3
129 verbose exit [ 1, true ]
